[19-Apr-2015 00:00:10 Europe/Zurich] Descriptions: Array
(
    [0] => waoifjwaeoifjoi
    [1] => ppppp
    [2] => zzzzz
)

[19-Apr-2015 00:01:03 Europe/Zurich] Descriptions: Array
(
    [0] => waoifjwaeoifjoi
    [1] => ppppp
    [2] => zzzzz
)

[19-Apr-2015 00:01:40 Europe/Zurich] Descriptions: Array
(
    [0] => waoifjwaeoifjoi
    [1] => ppppp
    [2] => zzzzz
)

[19-Apr-2015 00:02:30 Europe/Zurich] Descriptions: Array
(
    [0] => waoifjwaeoifjoi
    [1] => ppppp
    [2] => zzzzz
)

[19-Apr-2015 01:09:05 Europe/Zurich] Descriptions: Array
(
    [0] => No Quarter Podcast
    [1] => The Side Project Live (Jim's other podcast)
    [2] => Pacmaniax (Sean's blog)
)

[19-Apr-2015 01:10:30 Europe/Zurich] Descriptions: Array
(
    [0] => Flirzelkwerp
)

